<?xml version="1.0" encoding="UTF-8"?>
<testsuite xmlns:xsi="http://www.w3.org/2001/XMLSchema-instance" xsi:noNamespaceSchemaLocation="https://maven.apache.org/surefire/maven-surefire-plugin/xsd/surefire-test-report-3.0.xsd" version="3.0" name="com.calendar.util.DateTimeUtilTest" time="0.042" tests="15" errors="0" skipped="0" failures="0">
  <properties>
[...]
</properties>
  <testcase name="testToEpochMillis_ValidInput_EmptyZone" classname="com.calendar.util.DateTimeUtilTest" time="0.021"/>
  <testcase name="testToEpochMillis_EmptyInput" classname="com.calendar.util.DateTimeUtilTest" time="0.001"/>
  <testcase name="testToEpochMillis_NullInput" classname="com.calendar.util.DateTimeUtilTest" time="0.0"/>
  <testcase name="testToLocalDate_InvalidFormat" classname="com.calendar.util.DateTimeUtilTest" time="0.001"/>
  <testcase name="testGetZone_NullInput" classname="com.calendar.util.DateTimeUtilTest" time="0.0"/>
  <testcase name="testToLocalDate_Success" classname="com.calendar.util.DateTimeUtilTest" time="0.0"/>
  <testcase name="testGetZone_InvalidZone" classname="com.calendar.util.DateTimeUtilTest" time="0.001"/>
  <testcase name="testFormatInstant_Success" classname="com.calendar.util.DateTimeUtilTest" time="0.001"/>
  <testcase name="testToLocalDate_NullInput" classname="com.calendar.util.DateTimeUtilTest" time="0.001"/>
  <testcase name="testToLocalDate_EmptyInput" classname="com.calendar.util.DateTimeUtilTest" time="0.0"/>
  <testcase name="testToEpochMillis_InvalidDateTime" classname="com.calendar.util.DateTimeUtilTest" time="0.001"/>
  <testcase name="testGetZone_EmptyInput" classname="com.calendar.util.DateTimeUtilTest" time="0.001"/>
  <testcase name="testGetZone_ValidZone" classname="com.calendar.util.DateTimeUtilTest" time="0.001"/>
  <testcase name="testToEpochMillis_InvalidZone" classname="com.calendar.util.DateTimeUtilTest" time="0.0"/>
  <testcase name="testToEpochMillis_ValidInput_WithZone" classname="com.calendar.util.DateTimeUtilTest" time="0.0"/>
</testsuite>